Stated Time on build project: 2023-11-21 19:41:52
Goal: create an exploratory data analysis python data science project about naruto the anime.
Project Type: coding
Time Constraint: 10
Response: Title: Exploratory Data Analysis of Naruto Anime

Introduction:
In this data science project, we will perform an exploratory data analysis on the popular anime series Naruto. Naruto is a Japanese manga and anime series written and illustrated by Masashi Kishimoto. The aim of this project is to gain insights into various aspects of the Naruto anime, such as character popularity, episode ratings, and character relationships.

Dataset:
To conduct this analysis, we will utilize a dataset containing information about Naruto episodes, characters, and their relationships. The dataset will include the following columns:

1. Episode Number: The episode number of the Naruto series.
2. Title: The title of the episode.
3. Air Date: The date when the episode was aired.
4. Average Rating: The average rating of the episode.
5. Character Name: The name of the character.
6. Role: The role of the character in the episode (main, supporting, or guest).
7. Relationship: The relationship between characters in the episode.

Analysis Steps:

1. Data Loading and Cleaning:
   - Load the dataset into a pandas DataFrame.
   - Check for missing values and handle them appropriately.
   - Perform any necessary data cleaning and formatting.

2. Episode Analysis:
   - Explore the distribution of episode ratings.
   - Identify the top-rated episodes and analyze their characteristics.
   - Visualize the trend of episode ratings over time.

3. Character Analysis:
   - Analyze the popularity of characters based on their appearances.
   - Identify the main, supporting, and guest characters.
   - Visualize the distribution of character roles.

4. Relationship Analysis:
   - Explore the relationships between characters.
   - Identify the most common character relationships.
   - Visualize the network of character relationships.

5. Additional Analysis:
   - Analyze the duration of episodes and identify any patterns.
   - Explore the relationship between episode ratings and character appearances.
   - Perform any other interesting analyses based on the available data.

Conclusion:
In this project, we have conducted an exploratory data analysis on the Naruto anime series. We have gained insights into episode ratings, character popularity, and character relationships. The findings from this analysis can be used to understand the dynamics of the Naruto anime and provide valuable information to fans and producers alike.

Note: The dataset for this project can be obtained from various sources, such as Kaggle or scraping websites that provide information about Naruto episodes and characters.
End Time on build project : 2023-11-21 19:42:05
